0 info it worked if it ends with ok
1 verbose cli [ '/usr/local/bin/node',
1 verbose cli   '/usr/local/bin/npm',
1 verbose cli   'install',
1 verbose cli   'material-design-icons' ]
2 info using npm@3.10.10
3 info using node@v6.9.5
4 verbose config Skipping project config: /Users/kevin/.npmrc. (matches userconfig)
5 silly loadCurrentTree Starting
6 silly install loadCurrentTree
7 silly install readLocalPackageData
8 silly fetchPackageMetaData material-design-icons
9 silly fetchNamedPackageData material-design-icons
10 silly mapToRegistry name material-design-icons
11 silly mapToRegistry using default registry
12 silly mapToRegistry registry https://registry.npmjs.org/
13 silly mapToRegistry data Result {
13 silly mapToRegistry   raw: 'material-design-icons',
13 silly mapToRegistry   scope: null,
13 silly mapToRegistry   escapedName: 'material-design-icons',
13 silly mapToRegistry   name: 'material-design-icons',
13 silly mapToRegistry   rawSpec: '',
13 silly mapToRegistry   spec: 'latest',
13 silly mapToRegistry   type: 'tag' }
14 silly mapToRegistry uri https://registry.npmjs.org/material-design-icons
15 verbose request uri https://registry.npmjs.org/material-design-icons
16 verbose request no auth needed
17 info attempt registry request try #1 at 2:02:00 AM
18 verbose request id cc04f700e94cbf9c
19 verbose etag W/"589f5932-4e76"
20 verbose lastModified Sat, 11 Feb 2017 18:34:26 GMT
21 http request GET https://registry.npmjs.org/material-design-icons
22 http 304 https://registry.npmjs.org/material-design-icons
23 verbose headers { date: 'Sat, 18 Feb 2017 18:02:00 GMT',
23 verbose headers   via: '1.1 varnish',
23 verbose headers   'cache-control': 'max-age=300',
23 verbose headers   etag: 'W/"589f5932-4e76"',
23 verbose headers   age: '65',
23 verbose headers   connection: 'keep-alive',
23 verbose headers   'x-served-by': 'cache-sin6920-SIN',
23 verbose headers   'x-cache': 'HIT',
23 verbose headers   'x-cache-hits': '1',
23 verbose headers   'x-timer': 'S1487440920.735676,VS0,VE0',
23 verbose headers   vary: 'Accept-Encoding' }
24 silly get cb [ 304,
24 silly get   { date: 'Sat, 18 Feb 2017 18:02:00 GMT',
24 silly get     via: '1.1 varnish',
24 silly get     'cache-control': 'max-age=300',
24 silly get     etag: 'W/"589f5932-4e76"',
24 silly get     age: '65',
24 silly get     connection: 'keep-alive',
24 silly get     'x-served-by': 'cache-sin6920-SIN',
24 silly get     'x-cache': 'HIT',
24 silly get     'x-cache-hits': '1',
24 silly get     'x-timer': 'S1487440920.735676,VS0,VE0',
24 silly get     vary: 'Accept-Encoding' } ]
25 verbose etag https://registry.npmjs.org/material-design-icons from cache
26 verbose get saving material-design-icons to /Users/kevin/.npm/registry.npmjs.org/material-design-icons/.cache.json
27 verbose correctMkdir /Users/kevin/.npm correctMkdir not in flight; initializing
28 silly install normalizeTree
29 silly loadCurrentTree Finishing
30 silly loadIdealTree Starting
31 silly install loadIdealTree
32 silly cloneCurrentTree Starting
33 silly install cloneCurrentTreeToIdealTree
34 silly cloneCurrentTree Finishing
35 silly loadShrinkwrap Starting
36 silly install loadShrinkwrap
37 silly loadShrinkwrap Finishing
38 silly loadAllDepsIntoIdealTree Starting
39 silly install loadAllDepsIntoIdealTree
40 silly resolveWithNewModule material-design-icons@3.0.1 checking installable status
41 silly cache add args [ 'material-design-icons', null ]
42 verbose cache add spec material-design-icons
43 silly cache add parsed spec Result {
43 silly cache add   raw: 'material-design-icons',
43 silly cache add   scope: null,
43 silly cache add   escapedName: 'material-design-icons',
43 silly cache add   name: 'material-design-icons',
43 silly cache add   rawSpec: '',
43 silly cache add   spec: 'latest',
43 silly cache add   type: 'tag' }
44 silly addNamed material-design-icons@latest
45 verbose addNamed "latest" is being treated as a dist-tag for material-design-icons
46 info addNameTag [ 'material-design-icons', 'latest' ]
47 silly mapToRegistry name material-design-icons
48 silly mapToRegistry using default registry
49 silly mapToRegistry registry https://registry.npmjs.org/
50 silly mapToRegistry data Result {
50 silly mapToRegistry   raw: 'material-design-icons',
50 silly mapToRegistry   scope: null,
50 silly mapToRegistry   escapedName: 'material-design-icons',
50 silly mapToRegistry   name: 'material-design-icons',
50 silly mapToRegistry   rawSpec: '',
50 silly mapToRegistry   spec: 'latest',
50 silly mapToRegistry   type: 'tag' }
51 silly mapToRegistry uri https://registry.npmjs.org/material-design-icons
52 verbose addNameTag registry:https://registry.npmjs.org/material-design-icons not in flight; fetching
53 verbose get https://registry.npmjs.org/material-design-icons not expired, no request
54 silly addNameTag next cb for material-design-icons with tag latest
55 silly addNamed material-design-icons@3.0.1
56 verbose addNamed "3.0.1" is a plain semver version for material-design-icons
57 silly cache afterAdd material-design-icons@3.0.1
58 verbose afterAdd /Users/kevin/.npm/material-design-icons/3.0.1/package/package.json not in flight; writing
59 verbose correctMkdir /Users/kevin/.npm correctMkdir not in flight; initializing
60 verbose afterAdd /Users/kevin/.npm/material-design-icons/3.0.1/package/package.json written
61 silly loadAllDepsIntoIdealTree Finishing
62 silly loadIdealTree Finishing
63 silly currentTree kevin
64 silly idealTree kevin
64 silly idealTree └── material-design-icons@3.0.1
65 silly generateActionsToTake Starting
66 silly install generateActionsToTake
67 warn checkPermissions Missing write access to /Users/kevin/node_modules
68 silly rollbackFailedOptional Starting
69 silly rollbackFailedOptional Finishing
70 silly runTopLevelLifecycles Finishing
71 silly install printInstalled
72 warn enoent ENOENT: no such file or directory, open '/Users/kevin/package.json'
73 verbose enoent ENOENT: no such file or directory, open '/Users/kevin/package.json'
73 verbose enoent This is most likely not a problem with npm itself
73 verbose enoent and is related to npm not being able to find a file.
74 warn kevin No description
75 verbose If you need help, you may report this error at:
75 verbose     <https://github.com/npm/npm/issues>
76 warn kevin No repository field.
77 verbose If you need help, you may report this error at:
77 verbose     <https://github.com/npm/npm/issues>
78 warn kevin No README data
79 verbose If you need help, you may report this error at:
79 verbose     <https://github.com/npm/npm/issues>
80 warn kevin No license field.
81 verbose If you need help, you may report this error at:
81 verbose     <https://github.com/npm/npm/issues>
82 verbose stack Error: EACCES: permission denied, access '/Users/kevin/node_modules'
82 verbose stack     at Error (native)
83 verbose cwd /Users/kevin/jdstore
84 error Darwin 16.3.0
85 error argv "/usr/local/bin/node" "/usr/local/bin/npm" "install" "material-design-icons"
86 error node v6.9.5
87 error npm  v3.10.10
88 error path /Users/kevin/node_modules
89 error code EACCES
90 error errno -13
91 error syscall access
92 error Error: EACCES: permission denied, access '/Users/kevin/node_modules'
92 error     at Error (native)
92 error  { Error: EACCES: permission denied, access '/Users/kevin/node_modules'
92 error     at Error (native)
92 error   errno: -13,
92 error   code: 'EACCES',
92 error   syscall: 'access',
92 error   path: '/Users/kevin/node_modules' }
93 error Please try running this command again as root/Administrator.
94 verbose exit [ -13, true ]
